This is pdfTeX, Version 3.1415926-1.40.10 (TeX Live 2009/Debian) (format=pdflatex 2011.3.24)  20 APR 2012 00:49
entering extended mode
 file:line:error style messages enabled.
 %&-line parsing enabled.
**\catcode126=12 \def\normaltilde{~}\catcode126=13 \let~\normaltilde  \input ./
censura-privacidade.tex
(./censura-privacidade.tex (/usr/share/texmf-texlive/tex/latex/base/slides.cls
Document Class: slides 1997/08/15 v2.3z Standard LaTeX document class
(/usr/share/texmf-texlive/tex/latex/base/slides.def
File: slides.def 1997/08/15 v2.3z SLiTeX definitions
 hacks, slides,
\c@page=\count79
 picture,
mods,
\@smashboxa=\box26
\@smashboxb=\box27
\@smashboxc=\box28
 output, init) (/usr/share/texmf-texlive/tex/latex/base/sfonts.def
File: sfonts.def 1998/06/12 v2.2e Standard LaTeX slide font definitions

(/usr/share/texmf-texlive/tex/latex/base/ot1lcmss.fd
File: ot1lcmss.fd 1998/06/12 v2.2e Standard LaTeX slide font definitions
))
\c@minutes=\count80
\c@seconds=\count81
\c@mv@invisible=\count82
LaTeX Font Info:    Overwriting symbol font `operators' in version `normal'
(Font)                  OT1/cmr/m/n --> OT1/lcmss/m/n on input line 369.
LaTeX Font Info:    Overwriting symbol font `letters' in version `normal'
(Font)                  OML/cmm/m/it --> OML/lcmm/m/it on input line 372.
LaTeX Font Info:    Overwriting symbol font `symbols' in version `normal'
(Font)                  OMS/cmsy/m/n --> OMS/lcmsy/m/n on input line 374.
LaTeX Font Info:    Overwriting symbol font `largesymbols' in version `normal'
(Font)                  OMX/cmex/m/n --> OMX/lcmex/m/n on input line 376.
LaTeX Font Info:    Overwriting symbol font `operators' in version `invisible'
(Font)                  OT1/cmr/m/n --> OT1/lcmss/m/In on input line 379.
LaTeX Font Info:    Overwriting symbol font `letters' in version `invisible'
(Font)                  OML/cmm/m/it --> OML/lcmm/m/Iit on input line 381.
LaTeX Font Info:    Overwriting symbol font `symbols' in version `invisible'
(Font)                  OMS/cmsy/m/n --> OMS/lcmsy/m/In on input line 383.
LaTeX Font Info:    Overwriting symbol font `largesymbols' in version `invisibl
e'
(Font)                  OMX/cmex/m/n --> OMX/lcmex/m/In on input line 385.
)
(/usr/share/texmf-texlive/tex/latex/base/inputenc.sty
Package: inputenc 2008/03/30 v1.1d Input encoding file
\inpenc@prehook=\toks14
\inpenc@posthook=\toks15

(/usr/share/texmf-texlive/tex/latex/base/latin1.def
File: latin1.def 2008/03/30 v1.1d Input encoding file
))
(/usr/share/texmf-texlive/tex/latex/graphics/graphicx.sty
Package: graphicx 1999/02/16 v1.0f Enhanced LaTeX Graphics (DPC,SPQR)

(/usr/share/texmf-texlive/tex/latex/graphics/keyval.sty
Package: keyval 1999/03/16 v1.13 key=value parser (DPC)
\KV@toks@=\toks16
)
(/usr/share/texmf-texlive/tex/latex/graphics/graphics.sty
Package: graphics 2009/02/05 v1.0o Standard LaTeX Graphics (DPC,SPQR)

(/usr/share/texmf-texlive/tex/latex/graphics/trig.sty
Package: trig 1999/03/16 v1.09 sin cos tan (DPC)
)
(/etc/texmf/tex/latex/config/graphics.cfg
File: graphics.cfg 2009/08/28 v1.8 graphics configuration of TeX Live
)
Package graphics Info: Driver file: pdftex.def on input line 91.

(/usr/share/texmf-texlive/tex/latex/pdftex-def/pdftex.def
File: pdftex.def 2010/03/12 v0.04p Graphics/color for pdfTeX
\Gread@gobject=\count83
))
\Gin@req@height=\dimen102
\Gin@req@width=\dimen103
)
(/usr/share/texmf-texlive/tex/latex/graphics/color.sty
Package: color 2005/11/14 v1.0j Standard LaTeX Color (DPC)

(/etc/texmf/tex/latex/config/color.cfg
File: color.cfg 2007/01/18 v1.5 color configuration of teTeX/TeXLive
)
Package color Info: Driver file: pdftex.def on input line 130.
)
(/usr/share/texmf-texlive/tex/latex/hyperref/hyperref.sty
Package: hyperref 2009/10/09 v6.79a Hypertext links for LaTeX

(/usr/share/texmf-texlive/tex/generic/oberdiek/ifpdf.sty
Package: ifpdf 2009/04/10 v2.0 Provides the ifpdf switch (HO)
Package ifpdf Info: pdfTeX in pdf mode detected.
)
(/usr/share/texmf-texlive/tex/generic/oberdiek/ifvtex.sty
Package: ifvtex 2008/11/04 v1.4 Switches for detecting VTeX and its modes (HO)
Package ifvtex Info: VTeX not detected.
)
(/usr/share/texmf-texlive/tex/generic/ifxetex/ifxetex.sty
Package: ifxetex 2009/01/23 v0.5 Provides ifxetex conditional
)
(/usr/share/texmf-texlive/tex/latex/oberdiek/hycolor.sty
Package: hycolor 2009/10/02 v1.5 Code for color options of hyperref/bookmark (H
O)

(/usr/share/texmf-texlive/tex/latex/oberdiek/xcolor-patch.sty
Package: xcolor-patch 2009/10/02 xcolor patch
))
\@linkdim=\dimen104
\Hy@linkcounter=\count84
\Hy@pagecounter=\count85

(/usr/share/texmf-texlive/tex/latex/hyperref/pd1enc.def
File: pd1enc.def 2009/10/09 v6.79a Hyperref: PDFDocEncoding definition (HO)
)
(/usr/share/texmf-texlive/tex/generic/oberdiek/etexcmds.sty
Package: etexcmds 2007/12/12 v1.2 Prefix for e-TeX command names (HO)

(/usr/share/texmf-texlive/tex/generic/oberdiek/infwarerr.sty
Package: infwarerr 2007/09/09 v1.2 Providing info/warning/message (HO)
)
Package etexcmds Info: Could not find \expanded.
(etexcmds)             That can mean that you are not using pdfTeX 1.50 or
(etexcmds)             that some package has redefined \expanded.
(etexcmds)             In the latter case, load this package earlier.
)
(/etc/texmf/tex/latex/config/hyperref.cfg
File: hyperref.cfg 2002/06/06 v1.2 hyperref configuration of TeXLive
)
(/usr/share/texmf-texlive/tex/latex/oberdiek/kvoptions.sty
Package: kvoptions 2009/08/13 v3.4 Keyval support for LaTeX options (HO)

(/usr/share/texmf-texlive/tex/generic/oberdiek/kvsetkeys.sty
Package: kvsetkeys 2009/07/30 v1.5 Key value parser with default handler suppor
t (HO)
))
Package hyperref Info: Hyper figures OFF on input line 2975.
Package hyperref Info: Link nesting OFF on input line 2980.
Package hyperref Info: Hyper index ON on input line 2983.
Package hyperref Info: Plain pages OFF on input line 2990.
Package hyperref Info: Backreferencing OFF on input line 2995.

Implicit mode ON; LaTeX internals redefined
Package hyperref Info: Bookmarks ON on input line 3191.
(/usr/share/texmf-texlive/tex/latex/ltxmisc/url.sty
\Urlmuskip=\muskip10
Package: url 2006/04/12  ver 3.3  Verb mode for urls, etc.
)
LaTeX Info: Redefining \url on input line 3428.

(/usr/share/texmf-texlive/tex/generic/oberdiek/bitset.sty
Package: bitset 2007/09/28 v1.0 Data type bit set (HO)

(/usr/share/texmf-texlive/tex/generic/oberdiek/intcalc.sty
Package: intcalc 2007/09/27 v1.1 Expandable integer calculations (HO)
)
(/usr/share/texmf-texlive/tex/generic/oberdiek/bigintcalc.sty
Package: bigintcalc 2007/11/11 v1.1 Expandable big integer calculations (HO)

(/usr/share/texmf-texlive/tex/generic/oberdiek/pdftexcmds.sty
Package: pdftexcmds 2009/09/23 v0.6 LuaTeX support for pdfTeX utility functions
 (HO)

(/usr/share/texmf-texlive/tex/generic/oberdiek/ifluatex.sty
Package: ifluatex 2009/04/17 v1.2 Provides the ifluatex switch (HO)
Package ifluatex Info: LuaTeX not detected.
)
(/usr/share/texmf-texlive/tex/generic/oberdiek/ltxcmds.sty
Package: ltxcmds 2009/08/05 v1.0 Some LaTeX kernel commands for general use (HO
)
)
Package pdftexcmds Info: LuaTeX not detected.
Package pdftexcmds Info: \pdf@primitive is available.
Package pdftexcmds Info: \pdf@ifprimitive is available.
)))
\Fld@menulength=\count86
\Field@Width=\dimen105
\Fld@charsize=\dimen106
\Field@toks=\toks17
Package hyperref Info: Hyper figures OFF on input line 4377.
Package hyperref Info: Link nesting OFF on input line 4382.
Package hyperref Info: Hyper index ON on input line 4385.
Package hyperref Info: backreferencing OFF on input line 4392.
Package hyperref Info: Link coloring OFF on input line 4397.
Package hyperref Info: Link coloring with OCG OFF on input line 4402.
Package hyperref Info: PDF/A mode OFF on input line 4407.

(/usr/share/texmf-texlive/tex/generic/oberdiek/atbegshi.sty
Package: atbegshi 2008/07/31 v1.9 At begin shipout hook (HO)
)
\Hy@abspage=\count87
\c@Item=\count88
\c@Hfootnote=\count89
)
*hyperref using default driver hpdftex*
(/usr/share/texmf-texlive/tex/latex/hyperref/hpdftex.def
File: hpdftex.def 2009/10/09 v6.79a Hyperref driver for pdfTeX
\Fld@listcount=\count90
)
(./censura-privacidade.aux)
\openout1 = `censura-privacidade.aux'.

LaTeX Font Info:    Checking defaults for OML/cmm/m/it on input line 26.
LaTeX Font Info:    ... okay on input line 26.
LaTeX Font Info:    Checking defaults for T1/cmr/m/n on input line 26.
LaTeX Font Info:    ... okay on input line 26.
LaTeX Font Info:    Checking defaults for OT1/lcmss/m/n on input line 26.
LaTeX Font Info:    ... okay on input line 26.
LaTeX Font Info:    Checking defaults for OMS/cmsy/m/n on input line 26.
LaTeX Font Info:    ... okay on input line 26.
LaTeX Font Info:    Checking defaults for OMX/cmex/m/n on input line 26.
LaTeX Font Info:    ... okay on input line 26.
LaTeX Font Info:    Checking defaults for U/cmr/m/n on input line 26.
LaTeX Font Info:    ... okay on input line 26.
LaTeX Font Info:    Checking defaults for PD1/pdf/m/n on input line 26.
LaTeX Font Info:    ... okay on input line 26.
 (/usr/share/texmf/tex/context/base/supp-pdf.mkii
[Loading MPS to PDF converter (version 2006.09.02).]
\scratchcounter=\count91
\scratchdimen=\dimen107
\scratchbox=\box29
\nofMPsegments=\count92
\nofMParguments=\count93
\everyMPshowfont=\toks18
\MPscratchCnt=\count94
\MPscratchDim=\dimen108
\MPnumerator=\count95
\everyMPtoPDFconversion=\toks19
)
Package hyperref Info: Link coloring OFF on input line 26.
 (/usr/share/texmf-texlive/tex/latex/hyperref/nameref.sty
Package: nameref 2007/05/29 v2.31 Cross-referencing by name of section

(/usr/share/texmf-texlive/tex/latex/oberdiek/refcount.sty
Package: refcount 2008/08/11 v3.1 Data extraction from references (HO)
)
\c@section@level=\count96
)
LaTeX Info: Redefining \ref on input line 26.
LaTeX Info: Redefining \pageref on input line 26.

(./censura-privacidade.out) (./censura-privacidade.out)
\@outlinefile=\write3
\openout3 = `censura-privacidade.out'.

\AtBeginShipoutBox=\box30
 [1

{/var/lib/texmf/fonts/map/pdftex/updmap/pdftex.map}]
LaTeX Font Info:    Try loading font information for OML+lcmm on input line 44.


(/usr/share/texmf-texlive/tex/latex/base/omllcmm.fd
File: omllcmm.fd 1998/06/12 v2.2e Standard LaTeX slide font definitions
)
LaTeX Font Info:    Try loading font information for OMS+lcmsy on input line 44
.

(/usr/share/texmf-texlive/tex/latex/base/omslcmsy.fd
File: omslcmsy.fd 1998/06/12 v2.2e Standard LaTeX slide font definitions
)
LaTeX Font Info:    Try loading font information for OMX+lcmex on input line 44
.

(/usr/share/texmf-texlive/tex/latex/base/omxlcmex.fd
File: omxlcmex.fd 1998/06/12 v2.2e Standard LaTeX slide font definitions
)
LaTeX Font Info:    External font `cmex10 at17.28pt' loaded for size
(Font)              <34.4> on input line 44.
LaTeX Font Info:    External font `cmex10 at17.28pt' loaded for size
(Font)              <28.66> on input line 44.
LaTeX Font Info:    External font `cmex10 at17.28pt' loaded for size
(Font)              <23.89> on input line 44.
pdfTeX warning (ext4): destination with the same identifier (name{page.0}) has 
been already used, duplicate ignored
<to be read again> 
                   \relax 
l.50 \end{slide}
                 [2]pdfTeX warning (ext4): destination with the same identifier
 (name{page.0}) has been already used, duplicate ignored
<to be read again> 
                   \relax 
l.60 \end{slide}
                 [3]
LaTeX Font Info:    External font `cmex10 at17.28pt' loaded for size
(Font)              <19.907> on input line 75.
LaTeX Font Info:    External font `cmex10 at17.28pt' loaded for size
(Font)              <16.59> on input line 75.
LaTeX Font Info:    External font `cmex10 at17.28pt' loaded for size
(Font)              <13.82> on input line 75.
pdfTeX warning (ext4): destination with the same identifier (name{page.0}) has 
been already used, duplicate ignored
<to be read again> 
                   \relax 
l.80 \end{slide}
                 [4]pdfTeX warning (ext4): destination with the same identifier
 (name{page.0}) has been already used, duplicate ignored
<to be read again> 
                   \relax 
l.117 \end{slide}
                  [5]pdfTeX warning (ext4): destination with the same identifie
r (name{page.0}) has been already used, duplicate ignored
<to be read again> 
                   \relax 
l.136 \end{slide}
                  [6]pdfTeX warning (ext4): destination with the same identifie
r (name{page.0}) has been already used, duplicate ignored
<to be read again> 
                   \relax 
l.145 \end{slide}
                  [7] <videovigilancia.png, id=29, 488.57532pt x 262.73157pt>
File: videovigilancia.png Graphic file (type png)

<use videovigilancia.png>pdfTeX warning (ext4): destination with the same ident
ifier (name{page.0}) has been already used, duplicate ignored
<to be read again> 
                   \relax 
l.150 \end{slide}
                  [8 <./videovigilancia.png (PNG copy)>]
LaTeX Font Info:    Try loading font information for OT1+lcmtt on input line 15
9.

(/usr/share/texmf-texlive/tex/latex/base/ot1lcmtt.fd
File: ot1lcmtt.fd 1998/06/12 v2.2e Standard LaTeX slide font definitions
)pdfTeX warning (ext4): destination with the same identifier (name{page.0}) has
 been already used, duplicate ignored
<to be read again> 
                   \relax 
l.160 \end{slide}
                  [9] <egypt.png, id=38, 507.39563pt x 374.14781pt>
File: egypt.png Graphic file (type png)

<use egypt.png>pdfTeX warning (ext4): destination with the same identifier (nam
e{page.0}) has been already used, duplicate ignored
<to be read again> 
                   \relax 
l.166 \end{slide}
                  [10 <./egypt.png (PNG copy)>]
LaTeX Font Info:    External font `cmex10 at17.28pt' loaded for size
(Font)              <10> on input line 179.
LaTeX Font Info:    External font `cmex10 at17.28pt' loaded for size
(Font)              <7> on input line 179.
pdfTeX warning (ext4): destination with the same identifier (name{page.0}) has 
been already used, duplicate ignored
<to be read again> 
                   \relax 
l.181 \end{slide}
                  [11] <phones.png, id=46, 413.29407pt x 389.95688pt>
File: phones.png Graphic file (type png)

<use phones.png>pdfTeX warning (ext4): destination with the same identifier (na
me{page.0}) has been already used, duplicate ignored
<to be read again> 
                   \relax 
l.186 \end{slide}
                  [12 <./phones.png (PNG copy)>]
<occupy.jpg, id=50, 796.47563pt x 307.1475pt>
File: occupy.jpg Graphic file (type jpg)
 <use occupy.jpg>
Overfull \hbox (146.4737pt too wide) in paragraph at lines 193--194
 [] 
 []

pdfTeX warning (ext4): destination with the same identifier (name{page.0}) has 
been already used, duplicate ignored
<to be read again> 
                   \relax 
l.194 \end{slide}
                  [13 <./occupy.jpg>]
<censorship-surveillance.png, id=55, 369.63094pt x 421.575pt>
File: censorship-surveillance.png Graphic file (type png)

<use censorship-surveillance.png>pdfTeX warning (ext4): destination with the sa
me identifier (name{page.0}) has been already used, duplicate ignored
<to be read again> 
                   \relax 
l.199 \end{slide}
                  [14 <./censorship-surveillance.png (PNG copy)>]
<disclose.png, id=59, 642.4pt x 513.92pt>
File: disclose.png Graphic file (type png)
 <use disclose.png>
Overfull \vbox (91.91873pt too high) has occurred while \output is active []

pdfTeX warning (ext4): destination with the same identifier (name{page.0}) has 
been already used, duplicate ignored
<to be read again> 
                   \relax 
l.203 \end{slide}
                  [15 <./disclose.png (PNG copy)>]
<wikileaks.jpg, id=64, 461.725pt x 277.035pt>
File: wikileaks.jpg Graphic file (type jpg)
 <use wikileaks.jpg>pdfTeX warning (ext4): destination with the same identifier
 (name{page.0}) has been already used, duplicate ignored
<to be read again> 
                   \relax 
l.207 \end{slide}
                  [16 <./wikileaks.jpg>]
Overfull \hbox (5.81567pt too wide) in paragraph at lines 216--217
[][]$\OT1/lcmtt/m/n/19.907 http : / / thefacebookproxy . com$[]\OT1/lcmss/m/n/1
9.907 , []$\OT1/lcmtt/m/n/19.907 http : / / FacebookProxy360 . com$[]\OT1/lcmss
/m/n/19.907 , ... 
 []

pdfTeX warning (ext4): destination with the same identifier (name{page.0}) has 
been already used, duplicate ignored
<to be read again> 
                   \relax 
l.219 \end{slide}
                  [17]pdfTeX warning (ext4): destination with the same identifi
er (name{page.0}) has been already used, duplicate ignored
<to be read again> 
                   \relax 
l.229 \end{slide}
                  [18] <receitas.png, id=78, 486.31688pt x 294.34969pt>
File: receitas.png Graphic file (type png)

<use receitas.png>pdfTeX warning (ext4): destination with the same identifier (
name{page.0}) has been already used, duplicate ignored
<to be read again> 
                   \relax 
l.234 \end{slide}
                  [19 <./receitas.png (PNG copy)>]
<cibercrime-eu.png, id=83, 514.92375pt x 335.75438pt>
File: cibercrime-eu.png Graphic file (type png)
 <use cibercrime-eu.png>pdfTeX warning (ext4): destination with the same identi
fier (name{page.0}) has been already used, duplicate ignored
<to be read again> 
                   \relax 
l.246 \end{slide}
                  [20 <./cibercrime-eu.png (PNG copy)>]
<uk-surveillance.png, id=87, 362.10281pt x 386.19281pt>
File: uk-surveillance.png Graphic file (type png)

<use uk-surveillance.png>pdfTeX warning (ext4): destination with the same ident
ifier (name{page.0}) has been already used, duplicate ignored
<to be read again> 
                   \relax 
l.251 \end{slide}
                  [21 <./uk-surveillance.png (PNG copy)>]pdfTeX warning (ext4):
 destination with the same identifier (name{page.0}) has been already used, dup
licate ignored
<to be read again> 
                   \relax 
l.266 \end{slide}
                  [22] <free.jpg, id=94, 541.02126pt x 675.52374pt>
File: free.jpg Graphic file (type jpg)

<use free.jpg>
Overfull \vbox (253.5221pt too high) has occurred while \output is active []

pdfTeX warning (ext4): destination with the same identifier (name{page.0}) has 
been already used, duplicate ignored
<to be read again> 
                   \relax 
l.271 \end{slide}
                  [23 <./free.jpg>]pdfTeX warning (ext4): destination with the 
same identifier (name{page.0}) has been already used, duplicate ignored
<to be read again> 
                   \relax 
l.281 \end{slide}
                  [24]
LaTeX Font Info:    External font `cmex10 at17.28pt' loaded for size
(Font)              <12> on input line 291.
pdfTeX warning (ext4): destination with the same identifier (name{page.0}) has 
been already used, duplicate ignored
<to be read again> 
                   \relax 
l.292 \end{slide}
                  [25]pdfTeX warning (ext4): destination with the same identifi
er (name{page.0}) has been already used, duplicate ignored
<to be read again> 
                   \relax 
l.314 \end{slide}
                  [26]pdfTeX warning (ext4): destination with the same identifi
er (name{page.0}) has been already used, duplicate ignored
<to be read again> 
                   \relax 
l.324 \end{slide}
                  [27]pdfTeX warning (ext4): destination with the same identifi
er (name{page.0}) has been already used, duplicate ignored
<to be read again> 
                   \relax 
l.335 \end{slide}
                  [28]pdfTeX warning (ext4): destination with the same identifi
er (name{page.0}) has been already used, duplicate ignored
<to be read again> 
                   \relax 
l.358 \end{slide}
                  [29] <government.png, id=121, 494.59781pt x 371.13657pt>
File: government.png Graphic file (type png)

<use government.png>pdfTeX warning (ext4): destination with the same identifier
 (name{page.0}) has been already used, duplicate ignored
<to be read again> 
                   \relax 
l.364 \end{slide}
                  [30 <./government.png (PNG copy)>]
<hactivismo.png, id=125, 441.14813pt x 418.56375pt>
File: hactivismo.png Graphic file (type png)
 <use hactivismo.png>pdfTeX warning (ext4): destination with the same identifie
r (name{page.0}) has been already used, duplicate ignored
<to be read again> 
                   \relax 
l.370 \end{slide}
                  [31 <./hactivismo.png (PNG copy)>]
<CISPA.png, id=130, 492.33937pt x 347.04657pt>
File: CISPA.png Graphic file (type png)
 <use CISPA.png>pdfTeX warning (ext4): destination with the same identifier (na
me{page.0}) has been already used, duplicate ignored
<to be read again> 
                   \relax 
l.377 \end{slide}
                  [32 <./CISPA.png (PNG copy)>]
<uk-censorship.png, id=134, 617.30624pt x 401.24907pt>
File: uk-censorship.png Graphic file (type png)
 <use uk-censorship.png>pdfTeX warning (ext4): destination with the same identi
fier (name{page.0}) has been already used, duplicate ignored
<to be read again> 
                   \relax 
l.383 \end{slide}
                  [33 <./uk-censorship.png (PNG copy)>]pdfTeX warning (ext4): d
estination with the same identifier (name{page.0}) has been already used, dupli
cate ignored
<to be read again> 
                   \relax 
l.394 \end{slide}
                  [34]pdfTeX warning (ext4): destination with the same identifi
er (name{page.0}) has been already used, duplicate ignored
<to be read again> 
                   \relax 
l.417 \end{slide}
                  [35] (./censura-privacidade.aux) ) 
Here is how much of TeX's memory you used:
 4400 strings out of 493848
 65651 string characters out of 1152823
 126940 words of memory out of 3000000
 7608 multiletter control sequences out of 15000+50000
 13910 words of font info for 49 fonts, out of 3000000 for 9000
 714 hyphenation exceptions out of 8191
 38i,5n,21p,677b,353s stack positions out of 5000i,500n,10000p,200000b,50000s
</usr/share/texmf-texlive/f
onts/type1/public/amsfonts/cm/cmmi8.pfb></usr/share/texmf-texlive/fonts/type1/p
ublic/amsfonts/cm/cmsy8.pfb></usr/share/texmf-texlive/fonts/type1/public/amsfon
ts/cm/cmtt8.pfb></usr/share/texmf-texlive/fonts/type1/public/amsfonts/latxfont/
lcmss8.pfb></usr/share/texmf-texlive/fonts/type1/public/amsfonts/latxfont/lcmss
b8.pfb></usr/share/texmf-texlive/fonts/type1/public/amsfonts/latxfont/lcmssi8.p
fb>
Output written on censura-privacidade.pdf (35 pages, 1895030 bytes).
PDF statistics:
 167 PDF objects out of 1000 (max. 8388607)
 2 named destinations out of 1000 (max. 500000)
 76 words of extra memory for PDF output out of 10000 (max. 10000000)

